Arguments: 
  /usr/bin/node /usr/bin/yarn add react-modal

PATH: 
  /home/vagrant/.composer/vendor/bin:/usr/local/go/bin:/usr/local/sbin:/usr/local/bin:/usr/sbin:/usr/bin:/sbin:/bin:/usr/games:/usr/local/games:/snap/bin

Yarn version: 
  1.9.4

Node version: 
  8.11.4

Platform: 
  linux x64

Trace: 
  Error: self signed certificate in certificate chain
      at TLSSocket.<anonymous> (_tls_wrap.js:1105:38)
      at emitNone (events.js:106:13)
      at TLSSocket.emit (events.js:208:7)
      at TLSSocket._finishInit (_tls_wrap.js:639:8)
      at TLSWrap.ssl.onhandshakedone (_tls_wrap.js:469:38)

npm manifest: 
  {
    "name": "@coreui/coreui-free-react-admin-template",
    "version": "2.0.13",
    "description": "CoreUI React Open Source Bootstrap 4 Admin Template",
    "author": "Łukasz Holeczek",
    "homepage": "https://coreui.io",
    "copyright": "Copyright 2018 creativeLabs Łukasz Holeczek",
    "license": "MIT",
    "private": true,
    "repository": {
      "type": "git",
      "url": "git@github.com:coreui/coreui-free-react-admin-template.git"
    },
    "dependencies": {
      "@coreui/coreui": "^2.0.15",
      "@coreui/coreui-plugin-chartjs-custom-tooltips": "^1.2.0",
      "@coreui/icons": "0.3.0",
      "@coreui/react": "^2.0.9",
      "axios": "^0.18.0",
      "bootstrap": "^4.1.3",
      "chart.js": "^2.7.2",
      "classnames": "^2.2.6",
      "core-js": "^2.5.7",
      "cors": "^2.8.4",
      "enzyme": "^3.7.0",
      "enzyme-adapter-react-16": "^1.6.0",
      "flag-icon-css": "^3.2.0",
      "font-awesome": "^4.7.0",
      "node-sass": "^4.9.3",
      "prop-types": "^15.6.2",
      "react": "^16.5.2",
      "react-app-polyfill": "^0.1.3",
      "react-chartjs-2": "^2.7.2",
      "react-dom": "^16.5.2",
      "react-loadable": "^5.5.0",
      "react-modal": "^3.6.1",
      "react-router-config": "^4.4.0-beta.1",
      "react-router-dom": "^4.3.1",
      "react-test-renderer": "^16.5.2",
      "reactjs-popup": "^1.3.0",
      "reactstrap": "^6.5.0",
      "simple-line-icons": "^2.4.1"
    },
    "devDependencies": {
      "react-scripts": "^2.0.4"
    },
    "scripts": {
      "start": "react-scripts start",
      "build": "react-scripts build",
      "test": "react-scripts test",
      "test:debug": "react-scripts --inspect-brk test --runInBand",
      "eject": "react-scripts eject"
    },
    "bugs": {
      "url": "https://github.com/coreui/coreui-free-react-admin-template/issues"
    },
    "eslintConfig": {
      "extends": "react-app"
    },
    "browserslist": [
      ">0.2%",
      "not dead",
      "not ie <= 9",
      "not op_mini all"
    ]
  }

yarn manifest: 
  No manifest

Lockfile: 
  No lockfile
