Arguments: 
  /usr/bin/node /usr/bin/yarn add reactjs-popup -S

PATH: 
  /home/vagrant/.composer/vendor/bin:/usr/local/go/bin:/usr/local/sbin:/usr/local/bin:/usr/sbin:/usr/bin:/sbin:/bin:/usr/games:/usr/local/games:/snap/bin

Yarn version: 
  1.9.4

Node version: 
  8.11.4

Platform: 
  linux x64

Trace: 
  Error: self signed certificate in certificate chain
      at TLSSocket.<anonymous> (_tls_wrap.js:1105:38)
      at emitNone (events.js:106:13)
      at TLSSocket.emit (events.js:208:7)
      at TLSSocket._finishInit (_tls_wrap.js:639:8)
      at TLSWrap.ssl.onhandshakedone (_tls_wrap.js:469:38)

npm manifest: 
  {
      "private": true,
      "scripts": {
          "dev": "npm run development",
          "development": "cross-env NODE_ENV=development node_modules/webpack/bin/webpack.js --progress --hide-modules --config=node_modules/laravel-mix/setup/webpack.config.js",
          "watch": "npm run development -- --watch",
          "watch-poll": "npm run watch -- --watch-poll",
          "hot": "cross-env NODE_ENV=development node_modules/webpack-dev-server/bin/webpack-dev-server.js --inline --hot --config=node_modules/laravel-mix/setup/webpack.config.js",
          "prod": "npm run production",
          "production": "cross-env NODE_ENV=production node_modules/webpack/bin/webpack.js --no-progress --hide-modules --config=node_modules/laravel-mix/setup/webpack.config.js"
      },
      "devDependencies": {
          "axios": "^0.18",
          "babel-preset-react": "^6.23.0",
          "bootstrap": "^4.0.0",
          "cross-env": "^5.1",
          "jquery": "^3.2",
          "laravel-mix": "^2.0",
          "lodash": "^4.17.5",
          "popper.js": "^1.12",
          "react": "^16.2.0",
          "react-dom": "^16.2.0"
      },
      "dependencies": {
          "admin-lte": "^3.0.0-alpha.2",
          "reactjs-popup": "^1.3.0"
      }
  }

yarn manifest: 
  No manifest

Lockfile: 
  No lockfile
